A 23-02-2017 05:47:33 : Admin Rho deleted a node in Location:/Stoiximania/
A 23-02-2017 10:59:08 : Admin Rho deleted a node in Location:/Stoiximania/Cricket/
A 23-02-2017 10:59:15 : Admin Rho deleted a node in Location:/Stoiximania/
A 23-02-2017 11:03:58 : Admin Rho deleted a node in Location:/Stoiximania/Football/
A 23-02-2017 11:04:12 : Admin Rho deleted a node in Location:/Stoiximania/Football/
A 23-02-2017 11:06:03 : Admin Rho deleted a node in Location:/Stoiximania/Cricket/
A 23-02-2017 11:06:42 : Admin Rho deleted a node in Location:/Stoiximania/Football/Greece - Greek Super League/
A 23-02-2017 11:06:52 : Admin Rho deleted a node in Location:/Stoiximania/Football/Greece - Greek Super League/Kalloni v PAOK/
A 23-02-2017 11:06:59 : Admin Rho deleted a node in Location:/Stoiximania/Football/Greece - Greek Super League/Kalloni v PAOK/Match Result/
A 24-02-2017 12:41:55 : Admin Rho deleted a node in Location:/Stoiximania/Football/
A 24-02-2017 12:59:06 : Admin Rho created a new node in Location:/Stoiximania/ by the name of asd
A 24-02-2017 12:59:09 : Admin Rho deleted a node in Location:/Stoiximania/
A 24-02-2017 12:59:11 : Admin Rho copied a node in Location:/Stoiximania/
A 24-02-2017 12:59:13 : Admin Rho copied a node in Location:/Stoiximania/
A 24-02-2017 12:59:16 : Admin Rho copied a node in Location:/Stoiximania/
A 24-02-2017 01:33:27 : Admin Rho created a new node in Location:/Stoiximania/Football/ by the name of asd
A 24-02-2017 01:33:29 : Admin Rho deleted a node in Location:/Stoiximania/Football/
A 24-02-2017 01:33:35 : Admin Rho deleted a node in Location:/Stoiximania/
A 24-02-2017 01:33:42 : Admin Rho deleted a node in Location:/Stoiximania/
A 24-02-2017 01:33:54 : Admin Rho renamed a node in Location:/Stoiximania/ to asd
